[ 2017-01-16T15:19:54+08:00 ] ::1 /thinkphp/index.php/mobile/test
INFO: [ app_init ] --START--
INFO: Run Behavior\BuildLiteBehavior [ RunTime:0.000012s ]
INFO: [ app_init ] --END-- [ RunTime:0.011753s ]
INFO: [ app_begin ] --START--
INFO: Run Behavior\ReadHtmlCacheBehavior [ RunTime:0.002502s ]
INFO: [ app_begin ] --END-- [ RunTime:0.002707s ]
ERR: 无法加载控制器:Mobile

[ 2017-01-16T15:20:12+08:00 ] ::1 /thinkphp/index.php/login/loginView
INFO: [ app_init ] --START--
INFO: Run Behavior\BuildLiteBehavior [ RunTime:0.000023s ]
INFO: [ app_init ] --END-- [ RunTime:0.000552s ]
INFO: [ app_begin ] --START--
INFO: Run Behavior\ReadHtmlCacheBehavior [ RunTime:0.000557s ]
INFO: [ app_begin ] --END-- [ RunTime:0.000597s ]
INFO: [ view_parse ] --START--
INFO: [ template_filter ] --START--
INFO: Run Behavior\ContentReplaceBehavior [ RunTime:0.000566s ]
INFO: [ template_filter ] --END-- [ RunTime:0.000614s ]
INFO: Run Behavior\ParseTemplateBehavior [ RunTime:0.082404s ]
INFO: [ view_parse ] --END-- [ RunTime:0.082484s ]
INFO: [ view_filter ] --START--
INFO: Run Behavior\WriteHtmlCacheBehavior [ RunTime:0.006740s ]
INFO: [ view_filter ] --END-- [ RunTime:0.006817s ]
INFO: [ app_end ] --START--
INFO: Run Behavior\ShowPageTraceBehavior [ RunTime:0.001674s ]
INFO: [ app_end ] --END-- [ RunTime:0.001743s ]

[ 2017-01-16T15:20:26+08:00 ] ::1 /thinkphp/index.php/mobile
INFO: [ app_init ] --START--
INFO: Run Behavior\BuildLiteBehavior [ RunTime:0.000009s ]
INFO: [ app_init ] --END-- [ RunTime:0.000286s ]
INFO: [ app_begin ] --START--
INFO: Run Behavior\ReadHtmlCacheBehavior [ RunTime:0.000338s ]
INFO: [ app_begin ] --END-- [ RunTime:0.000376s ]
ERR: 无法加载控制器:Mobile

[ 2017-01-16T15:20:50+08:00 ] ::1 /thinkphp/index.php/mobile/test
INFO: [ app_init ] --START--
INFO: Run Behavior\BuildLiteBehavior [ RunTime:0.000010s ]
INFO: [ app_init ] --END-- [ RunTime:0.000339s ]
INFO: [ app_begin ] --START--
INFO: Run Behavior\ReadHtmlCacheBehavior [ RunTime:0.000428s ]
INFO: [ app_begin ] --END-- [ RunTime:0.000460s ]
ERR: 无法加载控制器:Mobile

[ 2017-01-16T15:21:21+08:00 ] ::1 /thinkphp/index.php/LookChild/test
INFO: [ app_init ] --START--
INFO: Run Behavior\BuildLiteBehavior [ RunTime:0.000009s ]
INFO: [ app_init ] --END-- [ RunTime:0.000350s ]
INFO: [ app_begin ] --START--
INFO: Run Behavior\ReadHtmlCacheBehavior [ RunTime:0.000366s ]
INFO: [ app_begin ] --END-- [ RunTime:0.000399s ]
ERR: 非法操作:test

[ 2017-01-16T15:21:35+08:00 ] ::1 /thinkphp/index.php/Mobile/test
INFO: [ app_init ] --START--
INFO: Run Behavior\BuildLiteBehavior [ RunTime:0.000009s ]
INFO: [ app_init ] --END-- [ RunTime:0.000350s ]
INFO: [ app_begin ] --START--
INFO: Run Behavior\ReadHtmlCacheBehavior [ RunTime:0.000395s ]
INFO: [ app_begin ] --END-- [ RunTime:0.000427s ]
ERR: 无法加载控制器:Mobile

[ 2017-01-16T15:22:18+08:00 ] ::1 /thinkphp/index.php/Mobile/test
INFO: [ app_init ] --START--
INFO: Run Behavior\BuildLiteBehavior [ RunTime:0.000010s ]
INFO: [ app_init ] --END-- [ RunTime:0.000430s ]
INFO: [ app_begin ] --START--
INFO: Run Behavior\ReadHtmlCacheBehavior [ RunTime:0.000473s ]
INFO: [ app_begin ] --END-- [ RunTime:0.000510s ]
ERR: 无法加载控制器:Mobile

[ 2017-01-16T15:22:19+08:00 ] ::1 /thinkphp/index.php/Mobile/test
INFO: [ app_init ] --START--
INFO: Run Behavior\BuildLiteBehavior [ RunTime:0.000010s ]
INFO: [ app_init ] --END-- [ RunTime:0.000313s ]
INFO: [ app_begin ] --START--
INFO: Run Behavior\ReadHtmlCacheBehavior [ RunTime:0.000359s ]
INFO: [ app_begin ] --END-- [ RunTime:0.000396s ]
ERR: 无法加载控制器:Mobile

[ 2017-01-16T15:22:20+08:00 ] ::1 /thinkphp/index.php/Mobile/test
INFO: [ app_init ] --START--
INFO: Run Behavior\BuildLiteBehavior [ RunTime:0.000012s ]
INFO: [ app_init ] --END-- [ RunTime:0.000376s ]
INFO: [ app_begin ] --START--
INFO: Run Behavior\ReadHtmlCacheBehavior [ RunTime:0.000530s ]
INFO: [ app_begin ] --END-- [ RunTime:0.000588s ]
ERR: 无法加载控制器:Mobile

[ 2017-01-16T15:22:30+08:00 ] ::1 /thinkphp/index.php/login/
INFO: [ app_init ] --START--
INFO: Run Behavior\BuildLiteBehavior [ RunTime:0.000010s ]
INFO: [ app_init ] --END-- [ RunTime:0.000355s ]
INFO: [ app_begin ] --START--
INFO: Run Behavior\ReadHtmlCacheBehavior [ RunTime:0.000530s ]
INFO: [ app_begin ] --END-- [ RunTime:0.000582s ]
ERR: 非法操作:index

[ 2017-01-16T15:22:34+08:00 ] ::1 /thinkphp/index.php/login
INFO: [ app_init ] --START--
INFO: Run Behavior\BuildLiteBehavior [ RunTime:0.000010s ]
INFO: [ app_init ] --END-- [ RunTime:0.000311s ]
INFO: [ app_begin ] --START--
INFO: Run Behavior\ReadHtmlCacheBehavior [ RunTime:0.000571s ]
INFO: [ app_begin ] --END-- [ RunTime:0.000628s ]
ERR: 非法操作:index

[ 2017-01-16T15:22:39+08:00 ] ::1 /thinkphp/index.php/login/loginView
INFO: [ app_init ] --START--
INFO: Run Behavior\BuildLiteBehavior [ RunTime:0.000010s ]
INFO: [ app_init ] --END-- [ RunTime:0.000354s ]
INFO: [ app_begin ] --START--
INFO: Run Behavior\ReadHtmlCacheBehavior [ RunTime:0.000366s ]
INFO: [ app_begin ] --END-- [ RunTime:0.000399s ]
INFO: [ view_parse ] --START--
INFO: [ template_filter ] --START--
INFO: Run Behavior\ContentReplaceBehavior [ RunTime:0.000032s ]
INFO: [ template_filter ] --END-- [ RunTime:0.000076s ]
INFO: Run Behavior\ParseTemplateBehavior [ RunTime:0.006763s ]
INFO: [ view_parse ] --END-- [ RunTime:0.006809s ]
INFO: [ view_filter ] --START--
INFO: Run Behavior\WriteHtmlCacheBehavior [ RunTime:0.000311s ]
INFO: [ view_filter ] --END-- [ RunTime:0.000338s ]
INFO: [ app_end ] --START--
INFO: Run Behavior\ShowPageTraceBehavior [ RunTime:0.000463s ]
INFO: [ app_end ] --END-- [ RunTime:0.000489s ]

[ 2017-01-16T15:22:52+08:00 ] ::1 /thinkphp/index.php/mobile
INFO: [ app_init ] --START--
INFO: Run Behavior\BuildLiteBehavior [ RunTime:0.000009s ]
INFO: [ app_init ] --END-- [ RunTime:0.000368s ]
INFO: [ app_begin ] --START--
INFO: Run Behavior\ReadHtmlCacheBehavior [ RunTime:0.000467s ]
INFO: [ app_begin ] --END-- [ RunTime:0.000503s ]
ERR: 无法加载控制器:Mobile

[ 2017-01-16T15:23:52+08:00 ] ::1 /thinkphp/index.php/mobile
INFO: [ app_init ] --START--
INFO: Run Behavior\BuildLiteBehavior [ RunTime:0.000010s ]
INFO: [ app_init ] --END-- [ RunTime:0.000363s ]
INFO: [ app_begin ] --START--
INFO: Run Behavior\ReadHtmlCacheBehavior [ RunTime:0.000412s ]
INFO: [ app_begin ] --END-- [ RunTime:0.000458s ]
ERR: 非法操作:index

[ 2017-01-16T15:24:02+08:00 ] ::1 /thinkphp/index.php/mobile/test
INFO: [ app_init ] --START--
INFO: Run Behavior\BuildLiteBehavior [ RunTime:0.000013s ]
INFO: [ app_init ] --END-- [ RunTime:0.000348s ]
INFO: [ app_begin ] --START--
INFO: Run Behavior\ReadHtmlCacheBehavior [ RunTime:0.000384s ]
INFO: [ app_begin ] --END-- [ RunTime:0.000430s ]
INFO: [ view_parse ] --START--
INFO: [ template_filter ] --START--
INFO: Run Behavior\ContentReplaceBehavior [ RunTime:0.000029s ]
INFO: [ template_filter ] --END-- [ RunTime:0.000067s ]
INFO: Run Behavior\ParseTemplateBehavior [ RunTime:0.005812s ]
INFO: [ view_parse ] --END-- [ RunTime:0.005865s ]
INFO: [ view_filter ] --START--
INFO: Run Behavior\WriteHtmlCacheBehavior [ RunTime:0.000361s ]
INFO: [ view_filter ] --END-- [ RunTime:0.000387s ]
INFO: [ app_end ] --START--
INFO: Run Behavior\ShowPageTraceBehavior [ RunTime:0.000472s ]
INFO: [ app_end ] --END-- [ RunTime:0.000500s ]

[ 2017-01-16T15:25:46+08:00 ] ::1 /thinkphp/index.php/mobile/test
INFO: [ app_init ] --START--
INFO: Run Behavior\BuildLiteBehavior [ RunTime:0.000011s ]
INFO: [ app_init ] --END-- [ RunTime:0.000347s ]
INFO: [ app_begin ] --START--
INFO: Run Behavior\ReadHtmlCacheBehavior [ RunTime:0.000816s ]
INFO: [ app_begin ] --END-- [ RunTime:0.000868s ]
INFO: [ view_parse ] --START--
INFO: [ template_filter ] --START--
INFO: Run Behavior\ContentReplaceBehavior [ RunTime:0.000031s ]
INFO: [ template_filter ] --END-- [ RunTime:0.000073s ]
INFO: Run Behavior\ParseTemplateBehavior [ RunTime:0.006091s ]
INFO: [ view_parse ] --END-- [ RunTime:0.006138s ]
INFO: [ view_filter ] --START--
INFO: Run Behavior\WriteHtmlCacheBehavior [ RunTime:0.000287s ]
INFO: [ view_filter ] --END-- [ RunTime:0.000312s ]
INFO: [ app_end ] --START--
INFO: Run Behavior\ShowPageTraceBehavior [ RunTime:0.000382s ]
INFO: [ app_end ] --END-- [ RunTime:0.000410s ]

[ 2017-01-16T15:25:47+08:00 ] ::1 /thinkphp/index.php/mobile/test
INFO: [ app_init ] --START--
INFO: Run Behavior\BuildLiteBehavior [ RunTime:0.000010s ]
INFO: [ app_init ] --END-- [ RunTime:0.000348s ]
INFO: [ app_begin ] --START--
INFO: Run Behavior\ReadHtmlCacheBehavior [ RunTime:0.000395s ]
INFO: [ app_begin ] --END-- [ RunTime:0.000427s ]
INFO: [ view_parse ] --START--
INFO: [ template_filter ] --START--
INFO: Run Behavior\ContentReplaceBehavior [ RunTime:0.000095s ]
INFO: [ template_filter ] --END-- [ RunTime:0.000275s ]
INFO: Run Behavior\ParseTemplateBehavior [ RunTime:0.005931s ]
INFO: [ view_parse ] --END-- [ RunTime:0.005990s ]
INFO: [ view_filter ] --START--
INFO: Run Behavior\WriteHtmlCacheBehavior [ RunTime:0.000296s ]
INFO: [ view_filter ] --END-- [ RunTime:0.000321s ]
INFO: [ app_end ] --START--
INFO: Run Behavior\ShowPageTraceBehavior [ RunTime:0.000419s ]
INFO: [ app_end ] --END-- [ RunTime:0.000447s ]

[ 2017-01-16T15:25:51+08:00 ] ::1 /thinkphp/index.php/mobile/Mobile/register
INFO: [ app_init ] --START--
INFO: Run Behavior\BuildLiteBehavior [ RunTime:0.000008s ]
INFO: [ app_init ] --END-- [ RunTime:0.000319s ]
INFO: [ app_begin ] --START--
INFO: Run Behavior\ReadHtmlCacheBehavior [ RunTime:0.000385s ]
INFO: [ app_begin ] --END-- [ RunTime:0.000417s ]
ERR: 非法操作:Mobile

[ 2017-01-16T15:26:31+08:00 ] ::1 /thinkphp/index.php/mobile/test
INFO: [ app_init ] --START--
INFO: Run Behavior\BuildLiteBehavior [ RunTime:0.000097s ]
INFO: [ app_init ] --END-- [ RunTime:0.001785s ]
INFO: [ app_begin ] --START--
INFO: Run Behavior\ReadHtmlCacheBehavior [ RunTime:0.000418s ]
INFO: [ app_begin ] --END-- [ RunTime:0.000465s ]
INFO: [ view_parse ] --START--
INFO: [ template_filter ] --START--
INFO: Run Behavior\ContentReplaceBehavior [ RunTime:0.000031s ]
INFO: [ template_filter ] --END-- [ RunTime:0.000077s ]
INFO: Run Behavior\ParseTemplateBehavior [ RunTime:0.005395s ]
INFO: [ view_parse ] --END-- [ RunTime:0.005450s ]
INFO: [ view_filter ] --START--
INFO: Run Behavior\WriteHtmlCacheBehavior [ RunTime:0.000349s ]
INFO: [ view_filter ] --END-- [ RunTime:0.000376s ]
INFO: [ app_end ] --START--
INFO: Run Behavior\ShowPageTraceBehavior [ RunTime:0.000461s ]
INFO: [ app_end ] --END-- [ RunTime:0.000488s ]

[ 2017-01-16T15:26:32+08:00 ] ::1 /thinkphp/index.php/mobile/Mobile/register
INFO: [ app_init ] --START--
INFO: Run Behavior\BuildLiteBehavior [ RunTime:0.000013s ]
INFO: [ app_init ] --END-- [ RunTime:0.000350s ]
INFO: [ app_begin ] --START--
INFO: Run Behavior\ReadHtmlCacheBehavior [ RunTime:0.000460s ]
INFO: [ app_begin ] --END-- [ RunTime:0.000513s ]
ERR: 非法操作:Mobile

[ 2017-01-16T15:26:35+08:00 ] ::1 /thinkphp/index.php/mobile/test
INFO: [ app_init ] --START--
INFO: Run Behavior\BuildLiteBehavior [ RunTime:0.000010s ]
INFO: [ app_init ] --END-- [ RunTime:0.000350s ]
INFO: [ app_begin ] --START--
INFO: Run Behavior\ReadHtmlCacheBehavior [ RunTime:0.000406s ]
INFO: [ app_begin ] --END-- [ RunTime:0.000437s ]
INFO: [ view_parse ] --START--
INFO: [ template_filter ] --START--
INFO: Run Behavior\ContentReplaceBehavior [ RunTime:0.000025s ]
INFO: [ template_filter ] --END-- [ RunTime:0.000061s ]
INFO: Run Behavior\ParseTemplateBehavior [ RunTime:0.006360s ]
INFO: [ view_parse ] --END-- [ RunTime:0.006409s ]
INFO: [ view_filter ] --START--
INFO: Run Behavior\WriteHtmlCacheBehavior [ RunTime:0.000321s ]
INFO: [ view_filter ] --END-- [ RunTime:0.000351s ]
INFO: [ app_end ] --START--
INFO: Run Behavior\ShowPageTraceBehavior [ RunTime:0.000431s ]
INFO: [ app_end ] --END-- [ RunTime:0.000459s ]

[ 2017-01-16T15:26:38+08:00 ] ::1 /thinkphp/index.php/Mobile/register.html
INFO: [ app_init ] --START--
INFO: Run Behavior\BuildLiteBehavior [ RunTime:0.000009s ]
INFO: [ app_init ] --END-- [ RunTime:0.000366s ]
INFO: [ app_begin ] --START--
INFO: Run Behavior\ReadHtmlCacheBehavior [ RunTime:0.000403s ]
INFO: [ app_begin ] --END-- [ RunTime:0.000438s ]
SQL: SHOW COLUMNS FROM `tg_mobile_user` [ RunTime:0.0344s ]
SQL: SELECT * FROM `tg_mobile_user` WHERE ( mobileID='11111' ) LIMIT 1   [ RunTime:0.0014s ]

[ 2017-01-16T15:28:21+08:00 ] ::1 /thinkphp/index.php/mobile/test
INFO: [ app_init ] --START--
INFO: Run Behavior\BuildLiteBehavior [ RunTime:0.000010s ]
INFO: [ app_init ] --END-- [ RunTime:0.000374s ]
INFO: [ app_begin ] --START--
INFO: Run Behavior\ReadHtmlCacheBehavior [ RunTime:0.000470s ]
INFO: [ app_begin ] --END-- [ RunTime:0.000504s ]
INFO: [ view_parse ] --START--
INFO: [ template_filter ] --START--
INFO: Run Behavior\ContentReplaceBehavior [ RunTime:0.000025s ]
INFO: [ template_filter ] --END-- [ RunTime:0.000063s ]
INFO: Run Behavior\ParseTemplateBehavior [ RunTime:0.006762s ]
INFO: [ view_parse ] --END-- [ RunTime:0.006815s ]
INFO: [ view_filter ] --START--
INFO: Run Behavior\WriteHtmlCacheBehavior [ RunTime:0.000322s ]
INFO: [ view_filter ] --END-- [ RunTime:0.000353s ]
INFO: [ app_end ] --START--
INFO: Run Behavior\ShowPageTraceBehavior [ RunTime:0.000433s ]
INFO: [ app_end ] --END-- [ RunTime:0.000463s ]

[ 2017-01-16T15:28:22+08:00 ] ::1 /thinkphp/index.php/mobile/test
INFO: [ app_init ] --START--
INFO: Run Behavior\BuildLiteBehavior [ RunTime:0.000010s ]
INFO: [ app_init ] --END-- [ RunTime:0.000360s ]
INFO: [ app_begin ] --START--
INFO: Run Behavior\ReadHtmlCacheBehavior [ RunTime:0.000344s ]
INFO: [ app_begin ] --END-- [ RunTime:0.000377s ]
INFO: [ view_parse ] --START--
INFO: [ template_filter ] --START--
INFO: Run Behavior\ContentReplaceBehavior [ RunTime:0.000024s ]
INFO: [ template_filter ] --END-- [ RunTime:0.000057s ]
INFO: Run Behavior\ParseTemplateBehavior [ RunTime:0.004972s ]
INFO: [ view_parse ] --END-- [ RunTime:0.005017s ]
INFO: [ view_filter ] --START--
INFO: Run Behavior\WriteHtmlCacheBehavior [ RunTime:0.000300s ]
INFO: [ view_filter ] --END-- [ RunTime:0.000327s ]
INFO: [ app_end ] --START--
INFO: Run Behavior\ShowPageTraceBehavior [ RunTime:0.000427s ]
INFO: [ app_end ] --END-- [ RunTime:0.000454s ]

[ 2017-01-16T15:28:30+08:00 ] ::1 /thinkphp/index.php/Mobile/register.html
INFO: [ app_init ] --START--
INFO: Run Behavior\BuildLiteBehavior [ RunTime:0.000010s ]
INFO: [ app_init ] --END-- [ RunTime:0.000334s ]
INFO: [ app_begin ] --START--
INFO: Run Behavior\ReadHtmlCacheBehavior [ RunTime:0.000760s ]
INFO: [ app_begin ] --END-- [ RunTime:0.000839s ]
SQL: SHOW COLUMNS FROM `tg_mobile_user` [ RunTime:0.0352s ]
SQL: SELECT * FROM `tg_mobile_user` WHERE ( mobileID='11111' ) LIMIT 1   [ RunTime:0.0013s ]
SQL: INSERT INTO `tg_mobile_user` (`mobileID`,`password`) VALUES ('11111','11111') [ RunTime:0.0405s ]

[ 2017-01-16T15:28:53+08:00 ] ::1 /thinkphp/index.php/mobile/test
INFO: [ app_init ] --START--
INFO: Run Behavior\BuildLiteBehavior [ RunTime:0.000010s ]
INFO: [ app_init ] --END-- [ RunTime:0.000365s ]
INFO: [ app_begin ] --START--
INFO: Run Behavior\ReadHtmlCacheBehavior [ RunTime:0.000399s ]
INFO: [ app_begin ] --END-- [ RunTime:0.000434s ]
INFO: [ view_parse ] --START--
INFO: [ template_filter ] --START--
INFO: Run Behavior\ContentReplaceBehavior [ RunTime:0.000027s ]
INFO: [ template_filter ] --END-- [ RunTime:0.000068s ]
INFO: Run Behavior\ParseTemplateBehavior [ RunTime:0.005508s ]
INFO: [ view_parse ] --END-- [ RunTime:0.005552s ]
INFO: [ view_filter ] --START--
INFO: Run Behavior\WriteHtmlCacheBehavior [ RunTime:0.000384s ]
INFO: [ view_filter ] --END-- [ RunTime:0.000414s ]
INFO: [ app_end ] --START--
INFO: Run Behavior\ShowPageTraceBehavior [ RunTime:0.000495s ]
INFO: [ app_end ] --END-- [ RunTime:0.000538s ]

[ 2017-01-16T15:28:54+08:00 ] ::1 /thinkphp/index.php/mobile/test
INFO: [ app_init ] --START--
INFO: Run Behavior\BuildLiteBehavior [ RunTime:0.000014s ]
INFO: [ app_init ] --END-- [ RunTime:0.000388s ]
INFO: [ app_begin ] --START--
INFO: Run Behavior\ReadHtmlCacheBehavior [ RunTime:0.000425s ]
INFO: [ app_begin ] --END-- [ RunTime:0.000463s ]
INFO: [ view_parse ] --START--
INFO: [ template_filter ] --START--
INFO: Run Behavior\ContentReplaceBehavior [ RunTime:0.000025s ]
INFO: [ template_filter ] --END-- [ RunTime:0.000062s ]
INFO: Run Behavior\ParseTemplateBehavior [ RunTime:0.005202s ]
INFO: [ view_parse ] --END-- [ RunTime:0.005250s ]
INFO: [ view_filter ] --START--
INFO: Run Behavior\WriteHtmlCacheBehavior [ RunTime:0.000315s ]
INFO: [ view_filter ] --END-- [ RunTime:0.000344s ]
INFO: [ app_end ] --START--
INFO: Run Behavior\ShowPageTraceBehavior [ RunTime:0.000392s ]
INFO: [ app_end ] --END-- [ RunTime:0.000420s ]

[ 2017-01-16T15:28:55+08:00 ] ::1 /thinkphp/index.php/mobile/test
INFO: [ app_init ] --START--
INFO: Run Behavior\BuildLiteBehavior [ RunTime:0.000008s ]
INFO: [ app_init ] --END-- [ RunTime:0.000316s ]
INFO: [ app_begin ] --START--
INFO: Run Behavior\ReadHtmlCacheBehavior [ RunTime:0.000396s ]
INFO: [ app_begin ] --END-- [ RunTime:0.000428s ]
INFO: [ view_parse ] --START--
INFO: [ template_filter ] --START--
INFO: Run Behavior\ContentReplaceBehavior [ RunTime:0.000038s ]
INFO: [ template_filter ] --END-- [ RunTime:0.000101s ]
INFO: Run Behavior\ParseTemplateBehavior [ RunTime:0.007143s ]
INFO: [ view_parse ] --END-- [ RunTime:0.007195s ]
INFO: [ view_filter ] --START--
INFO: Run Behavior\WriteHtmlCacheBehavior [ RunTime:0.000319s ]
INFO: [ view_filter ] --END-- [ RunTime:0.000349s ]
INFO: [ app_end ] --START--
INFO: Run Behavior\ShowPageTraceBehavior [ RunTime:0.000438s ]
INFO: [ app_end ] --END-- [ RunTime:0.000467s ]

[ 2017-01-16T15:28:56+08:00 ] ::1 /thinkphp/index.php/mobile/test
INFO: [ app_init ] --START--
INFO: Run Behavior\BuildLiteBehavior [ RunTime:0.000015s ]
INFO: [ app_init ] --END-- [ RunTime:0.000372s ]
INFO: [ app_begin ] --START--
INFO: Run Behavior\ReadHtmlCacheBehavior [ RunTime:0.000408s ]
INFO: [ app_begin ] --END-- [ RunTime:0.000444s ]
INFO: [ view_parse ] --START--
INFO: [ template_filter ] --START--
INFO: Run Behavior\ContentReplaceBehavior [ RunTime:0.000026s ]
INFO: [ template_filter ] --END-- [ RunTime:0.000063s ]
INFO: Run Behavior\ParseTemplateBehavior [ RunTime:0.005159s ]
INFO: [ view_parse ] --END-- [ RunTime:0.005228s ]
INFO: [ view_filter ] --START--
INFO: Run Behavior\WriteHtmlCacheBehavior [ RunTime:0.000752s ]
INFO: [ view_filter ] --END-- [ RunTime:0.000799s ]
INFO: [ app_end ] --START--
INFO: Run Behavior\ShowPageTraceBehavior [ RunTime:0.000987s ]
INFO: [ app_end ] --END-- [ RunTime:0.001178s ]

[ 2017-01-16T15:28:57+08:00 ] ::1 /thinkphp/index.php/mobile/test
INFO: [ app_init ] --START--
INFO: Run Behavior\BuildLiteBehavior [ RunTime:0.000009s ]
INFO: [ app_init ] --END-- [ RunTime:0.000353s ]
INFO: [ app_begin ] --START--
INFO: Run Behavior\ReadHtmlCacheBehavior [ RunTime:0.000401s ]
INFO: [ app_begin ] --END-- [ RunTime:0.000435s ]
INFO: [ view_parse ] --START--
INFO: [ template_filter ] --START--
INFO: Run Behavior\ContentReplaceBehavior [ RunTime:0.000025s ]
INFO: [ template_filter ] --END-- [ RunTime:0.000060s ]
INFO: Run Behavior\ParseTemplateBehavior [ RunTime:0.004984s ]
INFO: [ view_parse ] --END-- [ RunTime:0.005035s ]
INFO: [ view_filter ] --START--
INFO: Run Behavior\WriteHtmlCacheBehavior [ RunTime:0.000385s ]
INFO: [ view_filter ] --END-- [ RunTime:0.000428s ]
INFO: [ app_end ] --START--
INFO: Run Behavior\ShowPageTraceBehavior [ RunTime:0.000781s ]
INFO: [ app_end ] --END-- [ RunTime:0.000847s ]

[ 2017-01-16T15:28:57+08:00 ] ::1 /thinkphp/index.php/mobile/test
INFO: [ app_init ] --START--
INFO: Run Behavior\BuildLiteBehavior [ RunTime:0.000011s ]
INFO: [ app_init ] --END-- [ RunTime:0.000366s ]
INFO: [ app_begin ] --START--
INFO: Run Behavior\ReadHtmlCacheBehavior [ RunTime:0.000610s ]
INFO: [ app_begin ] --END-- [ RunTime:0.000680s ]
INFO: [ view_parse ] --START--
INFO: [ template_filter ] --START--
INFO: Run Behavior\ContentReplaceBehavior [ RunTime:0.000031s ]
INFO: [ template_filter ] --END-- [ RunTime:0.000079s ]
INFO: Run Behavior\ParseTemplateBehavior [ RunTime:0.005694s ]
INFO: [ view_parse ] --END-- [ RunTime:0.005744s ]
INFO: [ view_filter ] --START--
INFO: Run Behavior\WriteHtmlCacheBehavior [ RunTime:0.000238s ]
INFO: [ view_filter ] --END-- [ RunTime:0.000262s ]
INFO: [ app_end ] --START--
INFO: Run Behavior\ShowPageTraceBehavior [ RunTime:0.000357s ]
INFO: [ app_end ] --END-- [ RunTime:0.000383s ]

[ 2017-01-16T15:28:59+08:00 ] ::1 /thinkphp/index.php/mobile/test
INFO: [ app_init ] --START--
INFO: Run Behavior\BuildLiteBehavior [ RunTime:0.000010s ]
INFO: [ app_init ] --END-- [ RunTime:0.000331s ]
INFO: [ app_begin ] --START--
INFO: Run Behavior\ReadHtmlCacheBehavior [ RunTime:0.000357s ]
INFO: [ app_begin ] --END-- [ RunTime:0.000391s ]
INFO: [ view_parse ] --START--
INFO: [ template_filter ] --START--
INFO: Run Behavior\ContentReplaceBehavior [ RunTime:0.000039s ]
INFO: [ template_filter ] --END-- [ RunTime:0.000099s ]
INFO: Run Behavior\ParseTemplateBehavior [ RunTime:0.006322s ]
INFO: [ view_parse ] --END-- [ RunTime:0.006368s ]
INFO: [ view_filter ] --START--
INFO: Run Behavior\WriteHtmlCacheBehavior [ RunTime:0.000297s ]
INFO: [ view_filter ] --END-- [ RunTime:0.000324s ]
INFO: [ app_end ] --START--
INFO: Run Behavior\ShowPageTraceBehavior [ RunTime:0.000413s ]
INFO: [ app_end ] --END-- [ RunTime:0.000440s ]

[ 2017-01-16T15:28:59+08:00 ] ::1 /thinkphp/index.php/mobile/test
INFO: [ app_init ] --START--
INFO: Run Behavior\BuildLiteBehavior [ RunTime:0.000010s ]
INFO: [ app_init ] --END-- [ RunTime:0.000305s ]
INFO: [ app_begin ] --START--
INFO: Run Behavior\ReadHtmlCacheBehavior [ RunTime:0.000418s ]
INFO: [ app_begin ] --END-- [ RunTime:0.000463s ]
INFO: [ view_parse ] --START--
INFO: [ template_filter ] --START--
INFO: Run Behavior\ContentReplaceBehavior [ RunTime:0.000025s ]
INFO: [ template_filter ] --END-- [ RunTime:0.000063s ]
INFO: Run Behavior\ParseTemplateBehavior [ RunTime:0.005173s ]
INFO: [ view_parse ] --END-- [ RunTime:0.005222s ]
INFO: [ view_filter ] --START--
INFO: Run Behavior\WriteHtmlCacheBehavior [ RunTime:0.000300s ]
INFO: [ view_filter ] --END-- [ RunTime:0.000329s ]
INFO: [ app_end ] --START--
INFO: Run Behavior\ShowPageTraceBehavior [ RunTime:0.000421s ]
INFO: [ app_end ] --END-- [ RunTime:0.000449s ]

[ 2017-01-16T15:29:01+08:00 ] ::1 /thinkphp/index.php/mobile/register.html
INFO: [ app_init ] --START--
INFO: Run Behavior\BuildLiteBehavior [ RunTime:0.000014s ]
INFO: [ app_init ] --END-- [ RunTime:0.000377s ]
INFO: [ app_begin ] --START--
INFO: Run Behavior\ReadHtmlCacheBehavior [ RunTime:0.000397s ]
INFO: [ app_begin ] --END-- [ RunTime:0.000438s ]
SQL: SHOW COLUMNS FROM `tg_mobile_user` [ RunTime:0.0344s ]
SQL: SELECT * FROM `tg_mobile_user` WHERE ( mobileID='11111' ) LIMIT 1   [ RunTime:0.0009s ]
SQL: INSERT INTO `tg_mobile_user` (`mobileID`,`password`) VALUES ('11111','11111') [ RunTime:0.0281s ]

[ 2017-01-16T15:29:09+08:00 ] ::1 /thinkphp/index.php/mobile/test
INFO: [ app_init ] --START--
INFO: Run Behavior\BuildLiteBehavior [ RunTime:0.000011s ]
INFO: [ app_init ] --END-- [ RunTime:0.000300s ]
INFO: [ app_begin ] --START--
INFO: Run Behavior\ReadHtmlCacheBehavior [ RunTime:0.000547s ]
INFO: [ app_begin ] --END-- [ RunTime:0.000620s ]
INFO: [ view_parse ] --START--
INFO: [ template_filter ] --START--
INFO: Run Behavior\ContentReplaceBehavior [ RunTime:0.000026s ]
INFO: [ template_filter ] --END-- [ RunTime:0.000065s ]
INFO: Run Behavior\ParseTemplateBehavior [ RunTime:0.005351s ]
INFO: [ view_parse ] --END-- [ RunTime:0.005407s ]
INFO: [ view_filter ] --START--
INFO: Run Behavior\WriteHtmlCacheBehavior [ RunTime:0.000261s ]
INFO: [ view_filter ] --END-- [ RunTime:0.000287s ]
INFO: [ app_end ] --START--
INFO: Run Behavior\ShowPageTraceBehavior [ RunTime:0.000351s ]
INFO: [ app_end ] --END-- [ RunTime:0.000380s ]

[ 2017-01-16T15:29:09+08:00 ] ::1 /thinkphp/index.php/mobile/test
INFO: [ app_init ] --START--
INFO: Run Behavior\BuildLiteBehavior [ RunTime:0.000008s ]
INFO: [ app_init ] --END-- [ RunTime:0.000347s ]
INFO: [ app_begin ] --START--
INFO: Run Behavior\ReadHtmlCacheBehavior [ RunTime:0.000403s ]
INFO: [ app_begin ] --END-- [ RunTime:0.000435s ]
INFO: [ view_parse ] --START--
INFO: [ template_filter ] --START--
INFO: Run Behavior\ContentReplaceBehavior [ RunTime:0.000038s ]
INFO: [ template_filter ] --END-- [ RunTime:0.000099s ]
INFO: Run Behavior\ParseTemplateBehavior [ RunTime:0.005875s ]
INFO: [ view_parse ] --END-- [ RunTime:0.005933s ]
INFO: [ view_filter ] --START--
INFO: Run Behavior\WriteHtmlCacheBehavior [ RunTime:0.000322s ]
INFO: [ view_filter ] --END-- [ RunTime:0.000353s ]
INFO: [ app_end ] --START--
INFO: Run Behavior\ShowPageTraceBehavior [ RunTime:0.000434s ]
INFO: [ app_end ] --END-- [ RunTime:0.000463s ]

[ 2017-01-16T15:29:10+08:00 ] ::1 /thinkphp/index.php/mobile/test
INFO: [ app_init ] --START--
INFO: Run Behavior\BuildLiteBehavior [ RunTime:0.000009s ]
INFO: [ app_init ] --END-- [ RunTime:0.000327s ]
INFO: [ app_begin ] --START--
INFO: Run Behavior\ReadHtmlCacheBehavior [ RunTime:0.000349s ]
INFO: [ app_begin ] --END-- [ RunTime:0.000383s ]
INFO: [ view_parse ] --START--
INFO: [ template_filter ] --START--
INFO: Run Behavior\ContentReplaceBehavior [ RunTime:0.000024s ]
INFO: [ template_filter ] --END-- [ RunTime:0.000062s ]
INFO: Run Behavior\ParseTemplateBehavior [ RunTime:0.004859s ]
INFO: [ view_parse ] --END-- [ RunTime:0.004900s ]
INFO: [ view_filter ] --START--
INFO: Run Behavior\WriteHtmlCacheBehavior [ RunTime:0.000308s ]
INFO: [ view_filter ] --END-- [ RunTime:0.000334s ]
INFO: [ app_end ] --START--
INFO: Run Behavior\ShowPageTraceBehavior [ RunTime:0.000393s ]
INFO: [ app_end ] --END-- [ RunTime:0.000419s ]

[ 2017-01-16T15:29:12+08:00 ] ::1 /thinkphp/index.php/mobile/register.html
INFO: [ app_init ] --START--
INFO: Run Behavior\BuildLiteBehavior [ RunTime:0.000011s ]
INFO: [ app_init ] --END-- [ RunTime:0.000363s ]
INFO: [ app_begin ] --START--
INFO: Run Behavior\ReadHtmlCacheBehavior [ RunTime:0.000403s ]
INFO: [ app_begin ] --END-- [ RunTime:0.000436s ]
SQL: SHOW COLUMNS FROM `tg_mobile_user` [ RunTime:0.0266s ]
SQL: SELECT * FROM `tg_mobile_user` WHERE ( mobileID='11111' ) LIMIT 1   [ RunTime:0.0005s ]

[ 2017-01-16T15:30:16+08:00 ] ::1 /thinkphp/index.php/mobile/register.html
INFO: [ app_init ] --START--
INFO: Run Behavior\BuildLiteBehavior [ RunTime:0.000010s ]
INFO: [ app_init ] --END-- [ RunTime:0.000275s ]
INFO: [ app_begin ] --START--
INFO: Run Behavior\ReadHtmlCacheBehavior [ RunTime:0.000320s ]
INFO: [ app_begin ] --END-- [ RunTime:0.000354s ]
SQL: SHOW COLUMNS FROM `tg_mobile_user` [ RunTime:0.0312s ]
SQL: SELECT * FROM `tg_mobile_user` WHERE ( mobileID='11111' ) LIMIT 1   [ RunTime:0.0007s ]

[ 2017-01-16T15:33:19+08:00 ] ::1 /thinkphp/index.php/mobile/register.html
INFO: [ app_init ] --START--
INFO: Run Behavior\BuildLiteBehavior [ RunTime:0.000010s ]
INFO: [ app_init ] --END-- [ RunTime:0.000309s ]
INFO: [ app_begin ] --START--
INFO: Run Behavior\ReadHtmlCacheBehavior [ RunTime:0.000420s ]
INFO: [ app_begin ] --END-- [ RunTime:0.000460s ]
SQL: SHOW COLUMNS FROM `tg_mobile_user` [ RunTime:0.0329s ]
SQL: SELECT * FROM `tg_mobile_user` WHERE ( mobileID='11111' ) LIMIT 1   [ RunTime:0.0005s ]

[ 2017-01-16T15:33:26+08:00 ] ::1 /thinkphp/index.php/mobile/test
INFO: [ app_init ] --START--
INFO: Run Behavior\BuildLiteBehavior [ RunTime:0.000011s ]
INFO: [ app_init ] --END-- [ RunTime:0.000305s ]
INFO: [ app_begin ] --START--
INFO: Run Behavior\ReadHtmlCacheBehavior [ RunTime:0.000421s ]
INFO: [ app_begin ] --END-- [ RunTime:0.000466s ]
INFO: [ view_parse ] --START--
INFO: [ template_filter ] --START--
INFO: Run Behavior\ContentReplaceBehavior [ RunTime:0.000023s ]
INFO: [ template_filter ] --END-- [ RunTime:0.000058s ]
INFO: Run Behavior\ParseTemplateBehavior [ RunTime:0.005410s ]
INFO: [ view_parse ] --END-- [ RunTime:0.005459s ]
INFO: [ view_filter ] --START--
INFO: Run Behavior\WriteHtmlCacheBehavior [ RunTime:0.000346s ]
INFO: [ view_filter ] --END-- [ RunTime:0.000373s ]
INFO: [ app_end ] --START--
INFO: Run Behavior\ShowPageTraceBehavior [ RunTime:0.000464s ]
INFO: [ app_end ] --END-- [ RunTime:0.000490s ]

[ 2017-01-16T15:33:27+08:00 ] ::1 /thinkphp/index.php/mobile/test
INFO: [ app_init ] --START--
INFO: Run Behavior\BuildLiteBehavior [ RunTime:0.000025s ]
INFO: [ app_init ] --END-- [ RunTime:0.000727s ]
INFO: [ app_begin ] --START--
INFO: Run Behavior\ReadHtmlCacheBehavior [ RunTime:0.000372s ]
INFO: [ app_begin ] --END-- [ RunTime:0.000414s ]
INFO: [ view_parse ] --START--
INFO: [ template_filter ] --START--
INFO: Run Behavior\ContentReplaceBehavior [ RunTime:0.000025s ]
INFO: [ template_filter ] --END-- [ RunTime:0.000063s ]
INFO: Run Behavior\ParseTemplateBehavior [ RunTime:0.005148s ]
INFO: [ view_parse ] --END-- [ RunTime:0.005194s ]
INFO: [ view_filter ] --START--
INFO: Run Behavior\WriteHtmlCacheBehavior [ RunTime:0.000305s ]
INFO: [ view_filter ] --END-- [ RunTime:0.000332s ]
INFO: [ app_end ] --START--
INFO: Run Behavior\ShowPageTraceBehavior [ RunTime:0.000420s ]
INFO: [ app_end ] --END-- [ RunTime:0.000446s ]

[ 2017-01-16T15:33:31+08:00 ] ::1 /thinkphp/index.php/mobile/login.html
INFO: [ app_init ] --START--
INFO: Run Behavior\BuildLiteBehavior [ RunTime:0.000010s ]
INFO: [ app_init ] --END-- [ RunTime:0.000355s ]
INFO: [ app_begin ] --START--
INFO: Run Behavior\ReadHtmlCacheBehavior [ RunTime:0.000401s ]
INFO: [ app_begin ] --END-- [ RunTime:0.000436s ]
SQL: SHOW COLUMNS FROM `tg_mobile_user` [ RunTime:0.0157s ]
SQL: SELECT * FROM `tg_mobile_user` WHERE `mobileID` = '11111' AND `password` = '11111' LIMIT 1   [ RunTime:0.0203s ]
SQL: SHOW COLUMNS FROM `tg_base_information` [ RunTime:0.0176s ]
SQL: SELECT `account`,`name`,`sex`,`birthdate` FROM `tg_base_information` WHERE ( mobileID='11111' )  [ RunTime:0.0006s ]
SQL: SHOW COLUMNS FROM `tg_grow_data` [ RunTime:0.0163s ]
SQL: SELECT * FROM `tg_grow_data` WHERE ( mobileID='11111' ) LIMIT 1   [ RunTime:0.0109s ]

[ 2017-01-16T15:36:53+08:00 ] ::1 /thinkphp/index.php/mobile/login.html
INFO: [ app_init ] --START--
INFO: Run Behavior\BuildLiteBehavior [ RunTime:0.000009s ]
INFO: [ app_init ] --END-- [ RunTime:0.000312s ]
INFO: [ app_begin ] --START--
INFO: Run Behavior\ReadHtmlCacheBehavior [ RunTime:0.000646s ]
INFO: [ app_begin ] --END-- [ RunTime:0.000696s ]
SQL: SHOW COLUMNS FROM `tg_mobile_user` [ RunTime:0.0286s ]
SQL: SELECT * FROM `tg_mobile_user` WHERE `mobileID` = '11111' AND `password` = '11111' LIMIT 1   [ RunTime:0.0005s ]
SQL: SHOW COLUMNS FROM `tg_base_information` [ RunTime:0.0222s ]
SQL: SELECT `account`,`name`,`sex`,`birthdate` FROM `tg_base_information` WHERE ( mobileID='11111' )  [ RunTime:0.0005s ]
SQL: SHOW COLUMNS FROM `tg_grow_data` [ RunTime:0.0192s ]
SQL: SELECT * FROM `tg_grow_data` WHERE ( mobileID='11111' ) LIMIT 1   [ RunTime:0.0009s ]

[ 2017-01-16T15:36:56+08:00 ] ::1 /thinkphp/index.php/mobile/test
INFO: [ app_init ] --START--
INFO: Run Behavior\BuildLiteBehavior [ RunTime:0.000010s ]
INFO: [ app_init ] --END-- [ RunTime:0.000315s ]
INFO: [ app_begin ] --START--
INFO: Run Behavior\ReadHtmlCacheBehavior [ RunTime:0.000405s ]
INFO: [ app_begin ] --END-- [ RunTime:0.000440s ]
INFO: [ view_parse ] --START--
INFO: [ template_filter ] --START--
INFO: Run Behavior\ContentReplaceBehavior [ RunTime:0.000026s ]
INFO: [ template_filter ] --END-- [ RunTime:0.000062s ]
INFO: Run Behavior\ParseTemplateBehavior [ RunTime:0.006574s ]
INFO: [ view_parse ] --END-- [ RunTime:0.006624s ]
INFO: [ view_filter ] --START--
INFO: Run Behavior\WriteHtmlCacheBehavior [ RunTime:0.000378s ]
INFO: [ view_filter ] --END-- [ RunTime:0.000408s ]
INFO: [ app_end ] --START--
INFO: Run Behavior\ShowPageTraceBehavior [ RunTime:0.000483s ]
INFO: [ app_end ] --END-- [ RunTime:0.000514s ]

[ 2017-01-16T15:36:56+08:00 ] ::1 /thinkphp/index.php/mobile/test
INFO: [ app_init ] --START--
INFO: Run Behavior\BuildLiteBehavior [ RunTime:0.000010s ]
INFO: [ app_init ] --END-- [ RunTime:0.000283s ]
INFO: [ app_begin ] --START--
INFO: Run Behavior\ReadHtmlCacheBehavior [ RunTime:0.000353s ]
INFO: [ app_begin ] --END-- [ RunTime:0.000387s ]
INFO: [ view_parse ] --START--
INFO: [ template_filter ] --START--
INFO: Run Behavior\ContentReplaceBehavior [ RunTime:0.000043s ]
INFO: [ template_filter ] --END-- [ RunTime:0.000106s ]
INFO: Run Behavior\ParseTemplateBehavior [ RunTime:0.006509s ]
INFO: [ view_parse ] --END-- [ RunTime:0.006590s ]
INFO: [ view_filter ] --START--
INFO: Run Behavior\WriteHtmlCacheBehavior [ RunTime:0.000244s ]
INFO: [ view_filter ] --END-- [ RunTime:0.000271s ]
INFO: [ app_end ] --START--
INFO: Run Behavior\ShowPageTraceBehavior [ RunTime:0.000363s ]
INFO: [ app_end ] --END-- [ RunTime:0.000391s ]

[ 2017-01-16T15:36:58+08:00 ] ::1 /thinkphp/index.php/mobile/login.html
INFO: [ app_init ] --START--
INFO: Run Behavior\BuildLiteBehavior [ RunTime:0.000010s ]
INFO: [ app_init ] --END-- [ RunTime:0.000316s ]
INFO: [ app_begin ] --START--
INFO: Run Behavior\ReadHtmlCacheBehavior [ RunTime:0.000412s ]
INFO: [ app_begin ] --END-- [ RunTime:0.000447s ]
SQL: SHOW COLUMNS FROM `tg_mobile_user` [ RunTime:0.0331s ]
SQL: SELECT * FROM `tg_mobile_user` WHERE `mobileID` = '11111' AND `password` = '11111' LIMIT 1   [ RunTime:0.0008s ]
SQL: SHOW COLUMNS FROM `tg_base_information` [ RunTime:0.0302s ]
SQL: SELECT `account`,`name`,`sex`,`birthdate` FROM `tg_base_information` WHERE ( mobileID='11111' )  [ RunTime:0.0005s ]
SQL: SHOW COLUMNS FROM `tg_grow_data` [ RunTime:0.0161s ]
SQL: SELECT * FROM `tg_grow_data` WHERE ( mobileID='11111' ) LIMIT 1   [ RunTime:0.0005s ]

[ 2017-01-16T15:37:08+08:00 ] ::1 /thinkphp/index.php/mobile/login.html
INFO: [ app_init ] --START--
INFO: Run Behavior\BuildLiteBehavior [ RunTime:0.000011s ]
INFO: [ app_init ] --END-- [ RunTime:0.000359s ]
INFO: [ app_begin ] --START--
INFO: Run Behavior\ReadHtmlCacheBehavior [ RunTime:0.000397s ]
INFO: [ app_begin ] --END-- [ RunTime:0.000432s ]
SQL: SHOW COLUMNS FROM `tg_mobile_user` [ RunTime:0.0389s ]
SQL: SELECT * FROM `tg_mobile_user` WHERE `mobileID` = '0527' AND `password` = '123456' LIMIT 1   [ RunTime:0.0008s ]
SQL: SHOW COLUMNS FROM `tg_base_information` [ RunTime:0.0241s ]
SQL: SELECT `account`,`name`,`sex`,`birthdate` FROM `tg_base_information` WHERE ( mobileID='0527' )  [ RunTime:0.0007s ]
SQL: SHOW COLUMNS FROM `tg_grow_data` [ RunTime:0.0187s ]
SQL: SELECT * FROM `tg_grow_data` WHERE ( mobileID='0527' ) LIMIT 1   [ RunTime:0.0005s ]

[ 2017-01-16T15:38:22+08:00 ] ::1 /thinkphp/index.php/mobile/login.html
INFO: [ app_init ] --START--
INFO: Run Behavior\BuildLiteBehavior [ RunTime:0.000011s ]
INFO: [ app_init ] --END-- [ RunTime:0.000337s ]
INFO: [ app_begin ] --START--
INFO: Run Behavior\ReadHtmlCacheBehavior [ RunTime:0.000440s ]
INFO: [ app_begin ] --END-- [ RunTime:0.000491s ]
SQL: SHOW COLUMNS FROM `tg_mobile_user` [ RunTime:0.0327s ]
SQL: SELECT * FROM `tg_mobile_user` WHERE `mobileID` = '0527' AND `password` = '123456' LIMIT 1   [ RunTime:0.0009s ]
SQL: SHOW COLUMNS FROM `tg_base_information` [ RunTime:0.0231s ]
SQL: SELECT `account`,`name`,`sex`,`birthdate` FROM `tg_base_information` WHERE ( mobileID='0527' )  [ RunTime:0.0005s ]
SQL: SHOW COLUMNS FROM `tg_grow_data` [ RunTime:0.0183s ]
SQL: SELECT * FROM `tg_grow_data` WHERE ( mobileID='0527' ) LIMIT 1   [ RunTime:0.0003s ]

[ 2017-01-16T15:39:59+08:00 ] ::1 /thinkphp/index.php/mobile/test
INFO: [ app_init ] --START--
INFO: Run Behavior\BuildLiteBehavior [ RunTime:0.000012s ]
INFO: [ app_init ] --END-- [ RunTime:0.000353s ]
INFO: [ app_begin ] --START--
INFO: Run Behavior\ReadHtmlCacheBehavior [ RunTime:0.000558s ]
INFO: [ app_begin ] --END-- [ RunTime:0.000606s ]
INFO: [ view_parse ] --START--
INFO: [ template_filter ] --START--
INFO: Run Behavior\ContentReplaceBehavior [ RunTime:0.000027s ]
INFO: [ template_filter ] --END-- [ RunTime:0.000066s ]
INFO: Run Behavior\ParseTemplateBehavior [ RunTime:0.005073s ]
INFO: [ view_parse ] --END-- [ RunTime:0.005120s ]
INFO: [ view_filter ] --START--
INFO: Run Behavior\WriteHtmlCacheBehavior [ RunTime:0.000299s ]
INFO: [ view_filter ] --END-- [ RunTime:0.000328s ]
INFO: [ app_end ] --START--
INFO: Run Behavior\ShowPageTraceBehavior [ RunTime:0.000406s ]
INFO: [ app_end ] --END-- [ RunTime:0.000435s ]

[ 2017-01-16T15:40:00+08:00 ] ::1 /thinkphp/index.php/mobile/test
INFO: [ app_init ] --START--
INFO: Run Behavior\BuildLiteBehavior [ RunTime:0.000008s ]
INFO: [ app_init ] --END-- [ RunTime:0.000324s ]
INFO: [ app_begin ] --START--
INFO: Run Behavior\ReadHtmlCacheBehavior [ RunTime:0.000374s ]
INFO: [ app_begin ] --END-- [ RunTime:0.000406s ]
INFO: [ view_parse ] --START--
INFO: [ template_filter ] --START--
INFO: Run Behavior\ContentReplaceBehavior [ RunTime:0.000025s ]
INFO: [ template_filter ] --END-- [ RunTime:0.000068s ]
INFO: Run Behavior\ParseTemplateBehavior [ RunTime:0.005535s ]
INFO: [ view_parse ] --END-- [ RunTime:0.005582s ]
INFO: [ view_filter ] --START--
INFO: Run Behavior\WriteHtmlCacheBehavior [ RunTime:0.000290s ]
INFO: [ view_filter ] --END-- [ RunTime:0.000316s ]
INFO: [ app_end ] --START--
INFO: Run Behavior\ShowPageTraceBehavior [ RunTime:0.000411s ]
INFO: [ app_end ] --END-- [ RunTime:0.000439s ]

[ 2017-01-16T15:40:02+08:00 ] ::1 /thinkphp/index.php/mobile/login.html
INFO: [ app_init ] --START--
INFO: Run Behavior\BuildLiteBehavior [ RunTime:0.000009s ]
INFO: [ app_init ] --END-- [ RunTime:0.000348s ]
INFO: [ app_begin ] --START--
INFO: Run Behavior\ReadHtmlCacheBehavior [ RunTime:0.000349s ]
INFO: [ app_begin ] --END-- [ RunTime:0.000382s ]
SQL: SHOW COLUMNS FROM `tg_mobile_user` [ RunTime:0.0456s ]
SQL: SELECT * FROM `tg_mobile_user` WHERE `mobileID` = '0527' AND `password` = '123456' LIMIT 1   [ RunTime:0.0005s ]
SQL: SHOW COLUMNS FROM `tg_base_information` [ RunTime:0.0159s ]
SQL: SELECT `account`,`name`,`sex`,`birthdate` FROM `tg_base_information` WHERE ( mobileID='0527' )  [ RunTime:0.0005s ]
SQL: SHOW COLUMNS FROM `tg_grow_data` [ RunTime:0.0140s ]
SQL: SELECT * FROM `tg_grow_data` WHERE ( mobileID='0527' ) LIMIT 1   [ RunTime:0.0003s ]

[ 2017-01-16T15:40:05+08:00 ] ::1 /thinkphp/index.php/mobile/login.html
INFO: [ app_init ] --START--
INFO: Run Behavior\BuildLiteBehavior [ RunTime:0.000010s ]
INFO: [ app_init ] --END-- [ RunTime:0.000285s ]
INFO: [ app_begin ] --START--
INFO: Run Behavior\ReadHtmlCacheBehavior [ RunTime:0.000402s ]
INFO: [ app_begin ] --END-- [ RunTime:0.000438s ]
SQL: SHOW COLUMNS FROM `tg_mobile_user` [ RunTime:0.0301s ]
SQL: SELECT * FROM `tg_mobile_user` WHERE `mobileID` = '0527' AND `password` = '123456' LIMIT 1   [ RunTime:0.0006s ]
SQL: SHOW COLUMNS FROM `tg_base_information` [ RunTime:0.0197s ]
SQL: SELECT `account`,`name`,`sex`,`birthdate` FROM `tg_base_information` WHERE ( mobileID='0527' )  [ RunTime:0.0004s ]
SQL: SHOW COLUMNS FROM `tg_grow_data` [ RunTime:0.0134s ]
SQL: SELECT * FROM `tg_grow_data` WHERE ( mobileID='0527' ) LIMIT 1   [ RunTime:0.0004s ]

[ 2017-01-16T15:40:23+08:00 ] ::1 /thinkphp/index.php/mobile/test
INFO: [ app_init ] --START--
INFO: Run Behavior\BuildLiteBehavior [ RunTime:0.000011s ]
INFO: [ app_init ] --END-- [ RunTime:0.000311s ]
INFO: [ app_begin ] --START--
INFO: Run Behavior\ReadHtmlCacheBehavior [ RunTime:0.000368s ]
INFO: [ app_begin ] --END-- [ RunTime:0.000411s ]
INFO: [ view_parse ] --START--
INFO: [ template_filter ] --START--
INFO: Run Behavior\ContentReplaceBehavior [ RunTime:0.000023s ]
INFO: [ template_filter ] --END-- [ RunTime:0.000059s ]
INFO: Run Behavior\ParseTemplateBehavior [ RunTime:0.005231s ]
INFO: [ view_parse ] --END-- [ RunTime:0.005279s ]
INFO: [ view_filter ] --START--
INFO: Run Behavior\WriteHtmlCacheBehavior [ RunTime:0.000292s ]
INFO: [ view_filter ] --END-- [ RunTime:0.000323s ]
INFO: [ app_end ] --START--
INFO: Run Behavior\ShowPageTraceBehavior [ RunTime:0.000414s ]
INFO: [ app_end ] --END-- [ RunTime:0.000446s ]

[ 2017-01-16T15:40:25+08:00 ] ::1 /thinkphp/index.php/mobile/login.html
INFO: [ app_init ] --START--
INFO: Run Behavior\BuildLiteBehavior [ RunTime:0.000018s ]
INFO: [ app_init ] --END-- [ RunTime:0.000357s ]
INFO: [ app_begin ] --START--
INFO: Run Behavior\ReadHtmlCacheBehavior [ RunTime:0.000412s ]
INFO: [ app_begin ] --END-- [ RunTime:0.000449s ]
SQL: SHOW COLUMNS FROM `tg_mobile_user` [ RunTime:0.0314s ]
SQL: SELECT * FROM `tg_mobile_user` WHERE `mobileID` = '0527' AND `password` = '123456' LIMIT 1   [ RunTime:0.0008s ]

[ 2017-01-16T15:40:41+08:00 ] ::1 /thinkphp/index.php/mobile/login.html
INFO: [ app_init ] --START--
INFO: Run Behavior\BuildLiteBehavior [ RunTime:0.000012s ]
INFO: [ app_init ] --END-- [ RunTime:0.000336s ]
INFO: [ app_begin ] --START--
INFO: Run Behavior\ReadHtmlCacheBehavior [ RunTime:0.000542s ]
INFO: [ app_begin ] --END-- [ RunTime:0.000606s ]
SQL: SHOW COLUMNS FROM `tg_mobile_user` [ RunTime:0.0342s ]
SQL: SELECT * FROM `tg_mobile_user` WHERE `mobileID` = '188688' AND `password` = '123456' LIMIT 1   [ RunTime:0.0008s ]
SQL: SHOW COLUMNS FROM `tg_base_information` [ RunTime:0.0351s ]
SQL: SELECT `account`,`name`,`sex`,`birthdate` FROM `tg_base_information` WHERE ( mobileID='188688' )  [ RunTime:0.0010s ]
SQL: SHOW COLUMNS FROM `tg_grow_data` [ RunTime:0.0369s ]
SQL: SELECT * FROM `tg_grow_data` WHERE ( mobileID='188688' ) LIMIT 1   [ RunTime:0.0012s ]

[ 2017-01-16T15:46:22+08:00 ] ::1 /thinkphp/index.php/mobile/test
INFO: [ app_init ] --START--
INFO: Run Behavior\BuildLiteBehavior [ RunTime:0.000013s ]
INFO: [ app_init ] --END-- [ RunTime:0.000338s ]
INFO: [ app_begin ] --START--
INFO: Run Behavior\ReadHtmlCacheBehavior [ RunTime:0.000850s ]
INFO: [ app_begin ] --END-- [ RunTime:0.000904s ]
INFO: [ view_parse ] --START--
INFO: [ template_filter ] --START--
INFO: Run Behavior\ContentReplaceBehavior [ RunTime:0.000029s ]
INFO: [ template_filter ] --END-- [ RunTime:0.000068s ]
INFO: Run Behavior\ParseTemplateBehavior [ RunTime:0.005103s ]
INFO: [ view_parse ] --END-- [ RunTime:0.005171s ]
INFO: [ view_filter ] --START--
INFO: Run Behavior\WriteHtmlCacheBehavior [ RunTime:0.000708s ]
INFO: [ view_filter ] --END-- [ RunTime:0.000871s ]
INFO: [ app_end ] --START--
INFO: Run Behavior\ShowPageTraceBehavior [ RunTime:0.001658s ]
INFO: [ app_end ] --END-- [ RunTime:0.001756s ]

[ 2017-01-16T15:46:23+08:00 ] ::1 /thinkphp/index.php/mobile/test
INFO: [ app_init ] --START--
INFO: Run Behavior\BuildLiteBehavior [ RunTime:0.000010s ]
INFO: [ app_init ] --END-- [ RunTime:0.000303s ]
INFO: [ app_begin ] --START--
INFO: Run Behavior\ReadHtmlCacheBehavior [ RunTime:0.000519s ]
INFO: [ app_begin ] --END-- [ RunTime:0.000580s ]
INFO: [ view_parse ] --START--
INFO: [ template_filter ] --START--
INFO: Run Behavior\ContentReplaceBehavior [ RunTime:0.000027s ]
INFO: [ template_filter ] --END-- [ RunTime:0.000062s ]
INFO: Run Behavior\ParseTemplateBehavior [ RunTime:0.004926s ]
INFO: [ view_parse ] --END-- [ RunTime:0.004969s ]
INFO: [ view_filter ] --START--
INFO: Run Behavior\WriteHtmlCacheBehavior [ RunTime:0.000283s ]
INFO: [ view_filter ] --END-- [ RunTime:0.000308s ]
INFO: [ app_end ] --START--
INFO: Run Behavior\ShowPageTraceBehavior [ RunTime:0.000405s ]
INFO: [ app_end ] --END-- [ RunTime:0.000431s ]

[ 2017-01-16T15:46:25+08:00 ] ::1 /thinkphp/index.php/mobile/login.html
INFO: [ app_init ] --START--
INFO: Run Behavior\BuildLiteBehavior [ RunTime:0.000012s ]
INFO: [ app_init ] --END-- [ RunTime:0.000356s ]
INFO: [ app_begin ] --START--
INFO: Run Behavior\ReadHtmlCacheBehavior [ RunTime:0.000378s ]
INFO: [ app_begin ] --END-- [ RunTime:0.000413s ]
SQL: SHOW COLUMNS FROM `tg_mobile_user` [ RunTime:0.0532s ]
SQL: SELECT * FROM `tg_mobile_user` WHERE `mobileID` = '188688' AND `password` = '123456' LIMIT 1   [ RunTime:0.0008s ]
SQL: SHOW COLUMNS FROM `tg_base_information` [ RunTime:0.0324s ]
SQL: SELECT `account`,`name`,`sex`,`birthdate` FROM `tg_base_information` WHERE ( mobileID='188688' )  [ RunTime:0.0006s ]
SQL: SHOW COLUMNS FROM `tg_grow_data` [ RunTime:0.0235s ]
SQL: SELECT * FROM `tg_grow_data` WHERE ( mobileID='188688' ) LIMIT 1   [ RunTime:0.0007s ]

[ 2017-01-16T15:48:54+08:00 ] ::1 /thinkphp/index.php/mobile/login.html
INFO: [ app_init ] --START--
INFO: Run Behavior\BuildLiteBehavior [ RunTime:0.000010s ]
INFO: [ app_init ] --END-- [ RunTime:0.000354s ]
INFO: [ app_begin ] --START--
INFO: Run Behavior\ReadHtmlCacheBehavior [ RunTime:0.001324s ]
INFO: [ app_begin ] --END-- [ RunTime:0.001434s ]
SQL: SHOW COLUMNS FROM `tg_mobile_user` [ RunTime:0.0318s ]
SQL: SELECT * FROM `tg_mobile_user` WHERE `mobileID` = '188688' AND `password` = '123456' LIMIT 1   [ RunTime:0.0006s ]
SQL: SHOW COLUMNS FROM `tg_base_information` [ RunTime:0.0212s ]
SQL: SELECT `account`,`name`,`sex`,`birthdate` FROM `tg_base_information` WHERE ( mobileID='188688' )  [ RunTime:0.0006s ]
SQL: SHOW COLUMNS FROM `tg_grow_data` [ RunTime:0.0122s ]
SQL: SELECT * FROM `tg_grow_data` WHERE ( mobileID='188688' )  [ RunTime:0.0005s ]

[ 2017-01-16T16:09:33+08:00 ] ::1 /thinkphp/index.php/mobile/login.html
INFO: [ app_init ] --START--
INFO: Run Behavior\BuildLiteBehavior [ RunTime:0.000014s ]
INFO: [ app_init ] --END-- [ RunTime:0.000421s ]
INFO: [ app_begin ] --START--
INFO: Run Behavior\ReadHtmlCacheBehavior [ RunTime:0.000598s ]
INFO: [ app_begin ] --END-- [ RunTime:0.000667s ]
SQL: SHOW COLUMNS FROM `tg_mobile_user` [ RunTime:0.0206s ]
SQL: SELECT * FROM `tg_mobile_user` WHERE `mobileID` = '188688' AND `password` = '123456' LIMIT 1   [ RunTime:0.0006s ]
SQL: SHOW COLUMNS FROM `tg_base_information` [ RunTime:0.0185s ]
SQL: SELECT `account`,`name`,`sex`,`birthdate` FROM `tg_base_information` WHERE ( mobileID='188688' )  [ RunTime:0.0003s ]
SQL: SHOW COLUMNS FROM `tg_grow_data` [ RunTime:0.0097s ]
SQL: SELECT * FROM `tg_grow_data` WHERE ( mobileID='188688' )  [ RunTime:0.0003s ]

[ 2017-01-16T16:52:14+08:00 ] 192.168.1.137 /thinkphp/index.php/mobile/login
INFO: [ app_init ] --START--
INFO: Run Behavior\BuildLiteBehavior [ RunTime:0.000021s ]
INFO: [ app_init ] --END-- [ RunTime:0.000778s ]
INFO: [ app_begin ] --START--
INFO: Run Behavior\ReadHtmlCacheBehavior [ RunTime:0.001327s ]
INFO: [ app_begin ] --END-- [ RunTime:0.001447s ]
SQL: SHOW COLUMNS FROM `tg_mobile_user` [ RunTime:0.0330s ]
SQL: SELECT * FROM `tg_mobile_user` WHERE `mobileID` = '188688' AND `password` = '123456' LIMIT 1   [ RunTime:0.0009s ]
SQL: SHOW COLUMNS FROM `tg_base_information` [ RunTime:0.0335s ]
SQL: SELECT `account`,`name`,`sex`,`birthdate` FROM `tg_base_information` WHERE ( mobileID='188688' )  [ RunTime:0.0007s ]
SQL: SHOW COLUMNS FROM `tg_grow_data` [ RunTime:0.0215s ]
SQL: SELECT * FROM `tg_grow_data` WHERE ( mobileID='188688' )  [ RunTime:0.0006s ]

[ 2017-01-16T17:07:45+08:00 ] 192.168.1.137 /thinkphp/index.php/mobile/login
INFO: [ app_init ] --START--
INFO: Run Behavior\BuildLiteBehavior [ RunTime:0.000019s ]
INFO: [ app_init ] --END-- [ RunTime:0.000702s ]
INFO: [ app_begin ] --START--
INFO: Run Behavior\ReadHtmlCacheBehavior [ RunTime:0.000905s ]
INFO: [ app_begin ] --END-- [ RunTime:0.000984s ]
SQL: SHOW COLUMNS FROM `tg_mobile_user` [ RunTime:0.0323s ]
SQL: SELECT * FROM `tg_mobile_user` WHERE `mobileID` = '188688' AND `password` = '123456' LIMIT 1   [ RunTime:0.0008s ]
SQL: SHOW COLUMNS FROM `tg_base_information` [ RunTime:0.0237s ]
SQL: SELECT `account`,`name`,`sex`,`birthdate` FROM `tg_base_information` WHERE ( mobileID='188688' )  [ RunTime:0.0005s ]
SQL: SHOW COLUMNS FROM `tg_grow_data` [ RunTime:0.0139s ]
SQL: SELECT * FROM `tg_grow_data` WHERE ( mobileID='188688' )  [ RunTime:0.0005s ]

